mode: set
github.com/aleksaDam997/bookings/cmd/web/main.go:23.13,27.16 2 0
github.com/aleksaDam997/bookings/cmd/web/main.go:27.16,29.3 1 0
github.com/aleksaDam997/bookings/cmd/web/main.go:31.2,39.16 4 0
github.com/aleksaDam997/bookings/cmd/web/main.go:42.18,59.16 10 1
github.com/aleksaDam997/bookings/cmd/web/main.go:59.16,62.3 2 0
github.com/aleksaDam997/bookings/cmd/web/main.go:64.2,72.12 6 1
github.com/aleksaDam997/bookings/cmd/web/middleware.go:10.53,11.71 1 0
github.com/aleksaDam997/bookings/cmd/web/middleware.go:11.71,14.3 2 0
github.com/aleksaDam997/bookings/cmd/web/middleware.go:17.45,29.2 3 1
github.com/aleksaDam997/bookings/cmd/web/middleware.go:31.50,33.2 1 1
github.com/aleksaDam997/bookings/cmd/web/routes.go:12.49,47.2 18 1
